[2019-12-23 11:49:55] local.ERROR:  {"exception":"[object] (Illuminate\\Broadcasting\\BroadcastException(code: 0):  at E:\\progras\\webDev\\wamp64\\www\\wop\\projects\\prj0006lv-LaravelNotificationExample1\\vendor\\laravel\\framework\\src\\Illuminate\\Broadcasting\\Broadcasters\\PusherBroadcaster.php:119)
[stacktrace]
#0 E:\\progras\\webDev\\wamp64\\www\\wop\\projects\\prj0006lv-LaravelNotificationExample1\\vendor\\laravel\\framework\\src\\Illuminate\\Broadcasting\\BroadcastEvent.php(64): Illuminate\\Broadcasting\\Broadcasters\\PusherBroadcaster->broadcast(Array, 'App\\\\Events\\\\Stat...', Array)
#1 [internal function]: Illuminate\\Broadcasting\\BroadcastEvent->handle(Object(Illuminate\\Broadcasting\\Broadcasters\\PusherBroadcaster))
#2 E:\\progras\\webDev\\wamp64\\www\\wop\\projects\\prj0006lv-LaravelNotificationExample1\\vendor\\laravel\\framework\\src\\Illuminate\\Container\\BoundMethod.php(32): call_user_func_array(Array, Array)
#3 E:\\progras\\webDev\\wamp64\\www\\wop\\projects\\prj0006lv-LaravelNotificationExample1\\vendor\\laravel\\framework\\src\\Illuminate\\Container\\Util.php(36): Illuminate\\Container\\BoundMethod::Illuminate\\Container\\{closure}()
#4 E:\\progras\\webDev\\wamp64\\www\\wop\\projects\\prj0006lv-LaravelNotificationExample1\\vendor\\laravel\\framework\\src\\Illuminate\\Container\\BoundMethod.php(90): Illuminate\\Container\\Util::unwrapIfClosure(Object(Closure))
#5 E:\\progras\\webDev\\wamp64\\www\\wop\\projects\\prj0006lv-LaravelNotificationExample1\\vendor\\laravel\\framework\\src\\Illuminate\\Container\\BoundMethod.php(34): Illuminate\\Container\\BoundMethod::callBoundMethod(Object(Illuminate\\Foundation\\Application), Array, Object(Closure))
#6 E:\\progras\\webDev\\wamp64\\www\\wop\\projects\\prj0006lv-LaravelNotificationExample1\\vendor\\laravel\\framework\\src\\Illuminate\\Container\\Container.php(590): Illuminate\\Container\\BoundMethod::call(Object(Illuminate\\Foundation\\Application), Array, Array, NULL)
#7 E:\\progras\\webDev\\wamp64\\www\\wop\\projects\\prj0006lv-LaravelNotificationExample1\\vendor\\laravel\\framework\\src\\Illuminate\\Bus\\Dispatcher.php(94): Illuminate\\Container\\Container->call(Array)
#8 E:\\progras\\webDev\\wamp64\\www\\wop\\projects\\prj0006lv-LaravelNotificationExample1\\vendor\\laravel\\framework\\src\\Illuminate\\Pipeline\\Pipeline.php(130): Illuminate\\Bus\\Dispatcher->Illuminate\\Bus\\{closure}(Object(Illuminate\\Broadcasting\\BroadcastEvent))
#9 E:\\progras\\webDev\\wamp64\\www\\wop\\projects\\prj0006lv-LaravelNotificationExample1\\vendor\\laravel\\framework\\src\\Illuminate\\Pipeline\\Pipeline.php(105): Illuminate\\Pipeline\\Pipeline->Illuminate\\Pipeline\\{closure}(Object(Illuminate\\Broadcasting\\BroadcastEvent))
#10 E:\\progras\\webDev\\wamp64\\www\\wop\\projects\\prj0006lv-LaravelNotificationExample1\\vendor\\laravel\\framework\\src\\Illuminate\\Bus\\Dispatcher.php(98): Illuminate\\Pipeline\\Pipeline->then(Object(Closure))
#11 E:\\progras\\webDev\\wamp64\\www\\wop\\projects\\prj0006lv-LaravelNotificationExample1\\vendor\\laravel\\framework\\src\\Illuminate\\Queue\\CallQueuedHandler.php(83): Illuminate\\Bus\\Dispatcher->dispatchNow(Object(Illuminate\\Broadcasting\\BroadcastEvent), false)
#12 E:\\progras\\webDev\\wamp64\\www\\wop\\projects\\prj0006lv-LaravelNotificationExample1\\vendor\\laravel\\framework\\src\\Illuminate\\Pipeline\\Pipeline.php(130): Illuminate\\Queue\\CallQueuedHandler->Illuminate\\Queue\\{closure}(Object(Illuminate\\Broadcasting\\BroadcastEvent))
#13 E:\\progras\\webDev\\wamp64\\www\\wop\\projects\\prj0006lv-LaravelNotificationExample1\\vendor\\laravel\\framework\\src\\Illuminate\\Pipeline\\Pipeline.php(105): Illuminate\\Pipeline\\Pipeline->Illuminate\\Pipeline\\{closure}(Object(Illuminate\\Broadcasting\\BroadcastEvent))
#14 E:\\progras\\webDev\\wamp64\\www\\wop\\projects\\prj0006lv-LaravelNotificationExample1\\vendor\\laravel\\framework\\src\\Illuminate\\Queue\\CallQueuedHandler.php(85): Illuminate\\Pipeline\\Pipeline->then(Object(Closure))
#15 E:\\progras\\webDev\\wamp64\\www\\wop\\projects\\prj0006lv-LaravelNotificationExample1\\vendor\\laravel\\framework\\src\\Illuminate\\Queue\\CallQueuedHandler.php(59): Illuminate\\Queue\\CallQueuedHandler->dispatchThroughMiddleware(Object(Illuminate\\Queue\\Jobs\\SyncJob), Object(Illuminate\\Broadcasting\\BroadcastEvent))
#16 E:\\progras\\webDev\\wamp64\\www\\wop\\projects\\prj0006lv-LaravelNotificationExample1\\vendor\\laravel\\framework\\src\\Illuminate\\Queue\\Jobs\\Job.php(88): Illuminate\\Queue\\CallQueuedHandler->call(Object(Illuminate\\Queue\\Jobs\\SyncJob), Array)
#17 E:\\progras\\webDev\\wamp64\\www\\wop\\projects\\prj0006lv-LaravelNotificationExample1\\vendor\\laravel\\framework\\src\\Illuminate\\Queue\\SyncQueue.php(45): Illuminate\\Queue\\Jobs\\Job->fire()
#18 E:\\progras\\webDev\\wamp64\\www\\wop\\projects\\prj0006lv-LaravelNotificationExample1\\vendor\\laravel\\framework\\src\\Illuminate\\Queue\\Queue.php(44): Illuminate\\Queue\\SyncQueue->push(Object(Illuminate\\Broadcasting\\BroadcastEvent), '', NULL)
#19 E:\\progras\\webDev\\wamp64\\www\\wop\\projects\\prj0006lv-LaravelNotificationExample1\\vendor\\laravel\\framework\\src\\Illuminate\\Broadcasting\\BroadcastManager.php(127): Illuminate\\Queue\\Queue->pushOn(NULL, Object(Illuminate\\Broadcasting\\BroadcastEvent))
#20 E:\\progras\\webDev\\wamp64\\www\\wop\\projects\\prj0006lv-LaravelNotificationExample1\\vendor\\laravel\\framework\\src\\Illuminate\\Events\\Dispatcher.php(267): Illuminate\\Broadcasting\\BroadcastManager->queue(Object(App\\Events\\StatusLiked))
#21 E:\\progras\\webDev\\wamp64\\www\\wop\\projects\\prj0006lv-LaravelNotificationExample1\\vendor\\laravel\\framework\\src\\Illuminate\\Events\\Dispatcher.php(190): Illuminate\\Events\\Dispatcher->broadcastEvent(Object(App\\Events\\StatusLiked))
#22 E:\\progras\\webDev\\wamp64\\www\\wop\\projects\\prj0006lv-LaravelNotificationExample1\\vendor\\laravel\\framework\\src\\Illuminate\\Foundation\\helpers.php(482): Illuminate\\Events\\Dispatcher->dispatch('App\\\\Events\\\\Stat...')
#23 E:\\progras\\webDev\\wamp64\\www\\wop\\projects\\prj0006lv-LaravelNotificationExample1\outes\\web.php(19): event(Object(App\\Events\\StatusLiked))
#24 E:\\progras\\webDev\\wamp64\\www\\wop\\projects\\prj0006lv-LaravelNotificationExample1\\vendor\\laravel\\framework\\src\\Illuminate\\Routing\\Route.php(205): Illuminate\\Routing\\RouteFileRegistrar->{closure}()
#25 E:\\progras\\webDev\\wamp64\\www\\wop\\projects\\prj0006lv-LaravelNotificationExample1\\vendor\\laravel\\framework\\src\\Illuminate\\Routing\\Route.php(179): Illuminate\\Routing\\Route->runCallable()
#26 E:\\progras\\webDev\\wamp64\\www\\wop\\projects\\prj0006lv-LaravelNotificationExample1\\vendor\\laravel\\framework\\src\\Illuminate\\Routing\\Router.php(681): Illuminate\\Routing\\Route->run()
#27 E:\\progras\\webDev\\wamp64\\www\\wop\\projects\\prj0006lv-LaravelNotificationExample1\\vendor\\laravel\\framework\\src\\Illuminate\\Pipeline\\Pipeline.php(130): Illuminate\\Routing\\Router->Illuminate\\Routing\\{closure}(Object(Illuminate\\Http\\Request))
#28 E:\\progras\\webDev\\wamp64\\www\\wop\\projects\\prj0006lv-LaravelNotificationExample1\\vendor\\laravel\\framework\\src\\Illuminate\\Routing\\Middleware\\SubstituteBindings.php(41): Illuminate\\Pipeline\\Pipeline->Illuminate\\Pipeline\\{closure}(Object(Illuminate\\Http\\Request))
#29 E:\\progras\\webDev\\wamp64\\www\\wop\\projects\\prj0006lv-LaravelNotificationExample1\\vendor\\laravel\\framework\\src\\Illuminate\\Pipeline\\Pipeline.php(171): Illuminate\\Routing\\Middleware\\SubstituteBindings->handle(Object(Illuminate\\Http\\Request), Object(Closure))
#30 E:\\progras\\webDev\\wamp64\\www\\wop\\projects\\prj0006lv-LaravelNotificationExample1\\vendor\\laravel\\framework\\src\\Illuminate\\Foundation\\Http\\Middleware\\VerifyCsrfToken.php(76): Illuminate\\Pipeline\\Pipeline->Illuminate\\Pipeline\\{closure}(Object(Illuminate\\Http\\Request))
#31 E:\\progras\\webDev\\wamp64\\www\\wop\\projects\\prj0006lv-LaravelNotificationExample1\\vendor\\laravel\\framework\\src\\Illuminate\\Pipeline\\Pipeline.php(171): Illuminate\\Foundation\\Http\\Middleware\\VerifyCsrfToken->handle(Object(Illuminate\\Http\\Request), Object(Closure))
#32 E:\\progras\\webDev\\wamp64\\www\\wop\\projects\\prj0006lv-LaravelNotificationExample1\\vendor\\laravel\\framework\\src\\Illuminate\\View\\Middleware\\ShareErrorsFromSession.php(49): Illuminate\\Pipeline\\Pipeline->Illuminate\\Pipeline\\{closure}(Object(Illuminate\\Http\\Request))
#33 E:\\progras\\webDev\\wamp64\\www\\wop\\projects\\prj0006lv-LaravelNotificationExample1\\vendor\\laravel\\framework\\src\\Illuminate\\Pipeline\\Pipeline.php(171): Illuminate\\View\\Middleware\\ShareErrorsFromSession->handle(Object(Illuminate\\Http\\Request), Object(Closure))
#34 E:\\progras\\webDev\\wamp64\\www\\wop\\projects\\prj0006lv-LaravelNotificationExample1\\vendor\\laravel\\framework\\src\\Illuminate\\Session\\Middleware\\StartSession.php(56): Illuminate\\Pipeline\\Pipeline->Illuminate\\Pipeline\\{closure}(Object(Illuminate\\Http\\Request))
#35 E:\\progras\\webDev\\wamp64\\www\\wop\\projects\\prj0006lv-LaravelNotificationExample1\\vendor\\laravel\\framework\\src\\Illuminate\\Pipeline\\Pipeline.php(171): Illuminate\\Session\\Middleware\\StartSession->handle(Object(Illuminate\\Http\\Request), Object(Closure))
#36 E:\\progras\\webDev\\wamp64\\www\\wop\\projects\\prj0006lv-LaravelNotificationExample1\\vendor\\laravel\\framework\\src\\Illuminate\\Cookie\\Middleware\\AddQueuedCookiesToResponse.php(37): Illuminate\\Pipeline\\Pipeline->Illuminate\\Pipeline\\{closure}(Object(Illuminate\\Http\\Request))
#37 E:\\progras\\webDev\\wamp64\\www\\wop\\projects\\prj0006lv-LaravelNotificationExample1\\vendor\\laravel\\framework\\src\\Illuminate\\Pipeline\\Pipeline.php(171): Illuminate\\Cookie\\Middleware\\AddQueuedCookiesToResponse->handle(Object(Illuminate\\Http\\Request), Object(Closure))
#38 E:\\progras\\webDev\\wamp64\\www\\wop\\projects\\prj0006lv-LaravelNotificationExample1\\vendor\\laravel\\framework\\src\\Illuminate\\Cookie\\Middleware\\EncryptCookies.php(66): Illuminate\\Pipeline\\Pipeline->Illuminate\\Pipeline\\{closure}(Object(Illuminate\\Http\\Request))
#39 E:\\progras\\webDev\\wamp64\\www\\wop\\projects\\prj0006lv-LaravelNotificationExample1\\vendor\\laravel\\framework\\src\\Illuminate\\Pipeline\\Pipeline.php(171): Illuminate\\Cookie\\Middleware\\EncryptCookies->handle(Object(Illuminate\\Http\\Request), Object(Closure))
#40 E:\\progras\\webDev\\wamp64\\www\\wop\\projects\\prj0006lv-LaravelNotificationExample1\\vendor\\laravel\\framework\\src\\Illuminate\\Pipeline\\Pipeline.php(105): Illuminate\\Pipeline\\Pipeline->Illuminate\\Pipeline\\{closure}(Object(Illuminate\\Http\\Request))
#41 E:\\progras\\webDev\\wamp64\\www\\wop\\projects\\prj0006lv-LaravelNotificationExample1\\vendor\\laravel\\framework\\src\\Illuminate\\Routing\\Router.php(683): Illuminate\\Pipeline\\Pipeline->then(Object(Closure))
#42 E:\\progras\\webDev\\wamp64\\www\\wop\\projects\\prj0006lv-LaravelNotificationExample1\\vendor\\laravel\\framework\\src\\Illuminate\\Routing\\Router.php(658): Illuminate\\Routing\\Router->runRouteWithinStack(Object(Illuminate\\Routing\\Route), Object(Illuminate\\Http\\Request))
#43 E:\\progras\\webDev\\wamp64\\www\\wop\\projects\\prj0006lv-LaravelNotificationExample1\\vendor\\laravel\\framework\\src\\Illuminate\\Routing\\Router.php(624): Illuminate\\Routing\\Router->runRoute(Object(Illuminate\\Http\\Request), Object(Illuminate\\Routing\\Route))
#44 E:\\progras\\webDev\\wamp64\\www\\wop\\projects\\prj0006lv-LaravelNotificationExample1\\vendor\\laravel\\framework\\src\\Illuminate\\Routing\\Router.php(613): Illuminate\\Routing\\Router->dispatchToRoute(Object(Illuminate\\Http\\Request))
#45 E:\\progras\\webDev\\wamp64\\www\\wop\\projects\\prj0006lv-LaravelNotificationExample1\\vendor\\laravel\\framework\\src\\Illuminate\\Foundation\\Http\\Kernel.php(170): Illuminate\\Routing\\Router->dispatch(Object(Illuminate\\Http\\Request))
#46 E:\\progras\\webDev\\wamp64\\www\\wop\\projects\\prj0006lv-LaravelNotificationExample1\\vendor\\laravel\\framework\\src\\Illuminate\\Pipeline\\Pipeline.php(130): Illuminate\\Foundation\\Http\\Kernel->Illuminate\\Foundation\\Http\\{closure}(Object(Illuminate\\Http\\Request))
#47 E:\\progras\\webDev\\wamp64\\www\\wop\\projects\\prj0006lv-LaravelNotificationExample1\\vendor\\laravel\\framework\\src\\Illuminate\\Foundation\\Http\\Middleware\\TransformsRequest.php(21): Illuminate\\Pipeline\\Pipeline->Illuminate\\Pipeline\\{closure}(Object(Illuminate\\Http\\Request))
#48 E:\\progras\\webDev\\wamp64\\www\\wop\\projects\\prj0006lv-LaravelNotificationExample1\\vendor\\laravel\\framework\\src\\Illuminate\\Pipeline\\Pipeline.php(171): Illuminate\\Foundation\\Http\\Middleware\\TransformsRequest->handle(Object(Illuminate\\Http\\Request), Object(Closure))
#49 E:\\progras\\webDev\\wamp64\\www\\wop\\projects\\prj0006lv-LaravelNotificationExample1\\vendor\\laravel\\framework\\src\\Illuminate\\Foundation\\Http\\Middleware\\TransformsRequest.php(21): Illuminate\\Pipeline\\Pipeline->Illuminate\\Pipeline\\{closure}(Object(Illuminate\\Http\\Request))
#50 E:\\progras\\webDev\\wamp64\\www\\wop\\projects\\prj0006lv-LaravelNotificationExample1\\vendor\\laravel\\framework\\src\\Illuminate\\Pipeline\\Pipeline.php(171): Illuminate\\Foundation\\Http\\Middleware\\TransformsRequest->handle(Object(Illuminate\\Http\\Request), Object(Closure))
#51 E:\\progras\\webDev\\wamp64\\www\\wop\\projects\\prj0006lv-LaravelNotificationExample1\\vendor\\laravel\\framework\\src\\Illuminate\\Foundation\\Http\\Middleware\\ValidatePostSize.php(27): Illuminate\\Pipeline\\Pipeline->Illuminate\\Pipeline\\{closure}(Object(Illuminate\\Http\\Request))
#52 E:\\progras\\webDev\\wamp64\\www\\wop\\projects\\prj0006lv-LaravelNotificationExample1\\vendor\\laravel\\framework\\src\\Illuminate\\Pipeline\\Pipeline.php(171): Illuminate\\Foundation\\Http\\Middleware\\ValidatePostSize->handle(Object(Illuminate\\Http\\Request), Object(Closure))
#53 E:\\progras\\webDev\\wamp64\\www\\wop\\projects\\prj0006lv-LaravelNotificationExample1\\vendor\\laravel\\framework\\src\\Illuminate\\Foundation\\Http\\Middleware\\CheckForMaintenanceMode.php(62): Illuminate\\Pipeline\\Pipeline->Illuminate\\Pipeline\\{closure}(Object(Illuminate\\Http\\Request))
#54 E:\\progras\\webDev\\wamp64\\www\\wop\\projects\\prj0006lv-LaravelNotificationExample1\\vendor\\laravel\\framework\\src\\Illuminate\\Pipeline\\Pipeline.php(171): Illuminate\\Foundation\\Http\\Middleware\\CheckForMaintenanceMode->handle(Object(Illuminate\\Http\\Request), Object(Closure))
#55 E:\\progras\\webDev\\wamp64\\www\\wop\\projects\\prj0006lv-LaravelNotificationExample1\\vendor\\fideloper\\proxy\\src\\TrustProxies.php(57): Illuminate\\Pipeline\\Pipeline->Illuminate\\Pipeline\\{closure}(Object(Illuminate\\Http\\Request))
#56 E:\\progras\\webDev\\wamp64\\www\\wop\\projects\\prj0006lv-LaravelNotificationExample1\\vendor\\laravel\\framework\\src\\Illuminate\\Pipeline\\Pipeline.php(171): Fideloper\\Proxy\\TrustProxies->handle(Object(Illuminate\\Http\\Request), Object(Closure))
#57 E:\\progras\\webDev\\wamp64\\www\\wop\\projects\\prj0006lv-LaravelNotificationExample1\\vendor\\laravel\\framework\\src\\Illuminate\\Pipeline\\Pipeline.php(105): Illuminate\\Pipeline\\Pipeline->Illuminate\\Pipeline\\{closure}(Object(Illuminate\\Http\\Request))
#58 E:\\progras\\webDev\\wamp64\\www\\wop\\projects\\prj0006lv-LaravelNotificationExample1\\vendor\\laravel\\framework\\src\\Illuminate\\Foundation\\Http\\Kernel.php(145): Illuminate\\Pipeline\\Pipeline->then(Object(Closure))
#59 E:\\progras\\webDev\\wamp64\\www\\wop\\projects\\prj0006lv-LaravelNotificationExample1\\vendor\\laravel\\framework\\src\\Illuminate\\Foundation\\Http\\Kernel.php(110): Illuminate\\Foundation\\Http\\Kernel->sendRequestThroughRouter(Object(Illuminate\\Http\\Request))
#60 E:\\progras\\webDev\\wamp64\\www\\wop\\projects\\prj0006lv-LaravelNotificationExample1\\public\\index.php(55): Illuminate\\Foundation\\Http\\Kernel->handle(Object(Illuminate\\Http\\Request))
#61 E:\\progras\\webDev\\wamp64\\www\\wop\\projects\\prj0006lv-LaravelNotificationExample1\\server.php(21): require_once('E:\\\\progras\\\\webD...')
#62 {main}
"} 
[2019-12-23 11:50:23] local.ERROR:  {"exception":"[object] (Illuminate\\Broadcasting\\BroadcastException(code: 0):  at E:\\progras\\webDev\\wamp64\\www\\wop\\projects\\prj0006lv-LaravelNotificationExample1\\vendor\\laravel\\framework\\src\\Illuminate\\Broadcasting\\Broadcasters\\PusherBroadcaster.php:119)
[stacktrace]
#0 E:\\progras\\webDev\\wamp64\\www\\wop\\projects\\prj0006lv-LaravelNotificationExample1\\vendor\\laravel\\framework\\src\\Illuminate\\Broadcasting\\BroadcastEvent.php(64): Illuminate\\Broadcasting\\Broadcasters\\PusherBroadcaster->broadcast(Array, 'App\\\\Events\\\\Stat...', Array)
#1 [internal function]: Illuminate\\Broadcasting\\BroadcastEvent->handle(Object(Illuminate\\Broadcasting\\Broadcasters\\PusherBroadcaster))
#2 E:\\progras\\webDev\\wamp64\\www\\wop\\projects\\prj0006lv-LaravelNotificationExample1\\vendor\\laravel\\framework\\src\\Illuminate\\Container\\BoundMethod.php(32): call_user_func_array(Array, Array)
#3 E:\\progras\\webDev\\wamp64\\www\\wop\\projects\\prj0006lv-LaravelNotificationExample1\\vendor\\laravel\\framework\\src\\Illuminate\\Container\\Util.php(36): Illuminate\\Container\\BoundMethod::Illuminate\\Container\\{closure}()
#4 E:\\progras\\webDev\\wamp64\\www\\wop\\projects\\prj0006lv-LaravelNotificationExample1\\vendor\\laravel\\framework\\src\\Illuminate\\Container\\BoundMethod.php(90): Illuminate\\Container\\Util::unwrapIfClosure(Object(Closure))
#5 E:\\progras\\webDev\\wamp64\\www\\wop\\projects\\prj0006lv-LaravelNotificationExample1\\vendor\\laravel\\framework\\src\\Illuminate\\Container\\BoundMethod.php(34): Illuminate\\Container\\BoundMethod::callBoundMethod(Object(Illuminate\\Foundation\\Application), Array, Object(Closure))
#6 E:\\progras\\webDev\\wamp64\\www\\wop\\projects\\prj0006lv-LaravelNotificationExample1\\vendor\\laravel\\framework\\src\\Illuminate\\Container\\Container.php(590): Illuminate\\Container\\BoundMethod::call(Object(Illuminate\\Foundation\\Application), Array, Array, NULL)
#7 E:\\progras\\webDev\\wamp64\\www\\wop\\projects\\prj0006lv-LaravelNotificationExample1\\vendor\\laravel\\framework\\src\\Illuminate\\Bus\\Dispatcher.php(94): Illuminate\\Container\\Container->call(Array)
#8 E:\\progras\\webDev\\wamp64\\www\\wop\\projects\\prj0006lv-LaravelNotificationExample1\\vendor\\laravel\\framework\\src\\Illuminate\\Pipeline\\Pipeline.php(130): Illuminate\\Bus\\Dispatcher->Illuminate\\Bus\\{closure}(Object(Illuminate\\Broadcasting\\BroadcastEvent))
#9 E:\\progras\\webDev\\wamp64\\www\\wop\\projects\\prj0006lv-LaravelNotificationExample1\\vendor\\laravel\\framework\\src\\Illuminate\\Pipeline\\Pipeline.php(105): Illuminate\\Pipeline\\Pipeline->Illuminate\\Pipeline\\{closure}(Object(Illuminate\\Broadcasting\\BroadcastEvent))
#10 E:\\progras\\webDev\\wamp64\\www\\wop\\projects\\prj0006lv-LaravelNotificationExample1\\vendor\\laravel\\framework\\src\\Illuminate\\Bus\\Dispatcher.php(98): Illuminate\\Pipeline\\Pipeline->then(Object(Closure))
#11 E:\\progras\\webDev\\wamp64\\www\\wop\\projects\\prj0006lv-LaravelNotificationExample1\\vendor\\laravel\\framework\\src\\Illuminate\\Queue\\CallQueuedHandler.php(83): Illuminate\\Bus\\Dispatcher->dispatchNow(Object(Illuminate\\Broadcasting\\BroadcastEvent), false)
#12 E:\\progras\\webDev\\wamp64\\www\\wop\\projects\\prj0006lv-LaravelNotificationExample1\\vendor\\laravel\\framework\\src\\Illuminate\\Pipeline\\Pipeline.php(130): Illuminate\\Queue\\CallQueuedHandler->Illuminate\\Queue\\{closure}(Object(Illuminate\\Broadcasting\\BroadcastEvent))
#13 E:\\progras\\webDev\\wamp64\\www\\wop\\projects\\prj0006lv-LaravelNotificationExample1\\vendor\\laravel\\framework\\src\\Illuminate\\Pipeline\\Pipeline.php(105): Illuminate\\Pipeline\\Pipeline->Illuminate\\Pipeline\\{closure}(Object(Illuminate\\Broadcasting\\BroadcastEvent))
#14 E:\\progras\\webDev\\wamp64\\www\\wop\\projects\\prj0006lv-LaravelNotificationExample1\\vendor\\laravel\\framework\\src\\Illuminate\\Queue\\CallQueuedHandler.php(85): Illuminate\\Pipeline\\Pipeline->then(Object(Closure))
#15 E:\\progras\\webDev\\wamp64\\www\\wop\\projects\\prj0006lv-LaravelNotificationExample1\\vendor\\laravel\\framework\\src\\Illuminate\\Queue\\CallQueuedHandler.php(59): Illuminate\\Queue\\CallQueuedHandler->dispatchThroughMiddleware(Object(Illuminate\\Queue\\Jobs\\SyncJob), Object(Illuminate\\Broadcasting\\BroadcastEvent))
#16 E:\\progras\\webDev\\wamp64\\www\\wop\\projects\\prj0006lv-LaravelNotificationExample1\\vendor\\laravel\\framework\\src\\Illuminate\\Queue\\Jobs\\Job.php(88): Illuminate\\Queue\\CallQueuedHandler->call(Object(Illuminate\\Queue\\Jobs\\SyncJob), Array)
#17 E:\\progras\\webDev\\wamp64\\www\\wop\\projects\\prj0006lv-LaravelNotificationExample1\\vendor\\laravel\\framework\\src\\Illuminate\\Queue\\SyncQueue.php(45): Illuminate\\Queue\\Jobs\\Job->fire()
#18 E:\\progras\\webDev\\wamp64\\www\\wop\\projects\\prj0006lv-LaravelNotificationExample1\\vendor\\laravel\\framework\\src\\Illuminate\\Queue\\Queue.php(44): Illuminate\\Queue\\SyncQueue->push(Object(Illuminate\\Broadcasting\\BroadcastEvent), '', NULL)
#19 E:\\progras\\webDev\\wamp64\\www\\wop\\projects\\prj0006lv-LaravelNotificationExample1\\vendor\\laravel\\framework\\src\\Illuminate\\Broadcasting\\BroadcastManager.php(127): Illuminate\\Queue\\Queue->pushOn(NULL, Object(Illuminate\\Broadcasting\\BroadcastEvent))
#20 E:\\progras\\webDev\\wamp64\\www\\wop\\projects\\prj0006lv-LaravelNotificationExample1\\vendor\\laravel\\framework\\src\\Illuminate\\Events\\Dispatcher.php(267): Illuminate\\Broadcasting\\BroadcastManager->queue(Object(App\\Events\\StatusLiked))
#21 E:\\progras\\webDev\\wamp64\\www\\wop\\projects\\prj0006lv-LaravelNotificationExample1\\vendor\\laravel\\framework\\src\\Illuminate\\Events\\Dispatcher.php(190): Illuminate\\Events\\Dispatcher->broadcastEvent(Object(App\\Events\\StatusLiked))
#22 E:\\progras\\webDev\\wamp64\\www\\wop\\projects\\prj0006lv-LaravelNotificationExample1\\vendor\\laravel\\framework\\src\\Illuminate\\Foundation\\helpers.php(482): Illuminate\\Events\\Dispatcher->dispatch('App\\\\Events\\\\Stat...')
#23 E:\\progras\\webDev\\wamp64\\www\\wop\\projects\\prj0006lv-LaravelNotificationExample1\outes\\web.php(19): event(Object(App\\Events\\StatusLiked))
#24 E:\\progras\\webDev\\wamp64\\www\\wop\\projects\\prj0006lv-LaravelNotificationExample1\\vendor\\laravel\\framework\\src\\Illuminate\\Routing\\Route.php(205): Illuminate\\Routing\\RouteFileRegistrar->{closure}()
#25 E:\\progras\\webDev\\wamp64\\www\\wop\\projects\\prj0006lv-LaravelNotificationExample1\\vendor\\laravel\\framework\\src\\Illuminate\\Routing\\Route.php(179): Illuminate\\Routing\\Route->runCallable()
#26 E:\\progras\\webDev\\wamp64\\www\\wop\\projects\\prj0006lv-LaravelNotificationExample1\\vendor\\laravel\\framework\\src\\Illuminate\\Routing\\Router.php(681): Illuminate\\Routing\\Route->run()
#27 E:\\progras\\webDev\\wamp64\\www\\wop\\projects\\prj0006lv-LaravelNotificationExample1\\vendor\\laravel\\framework\\src\\Illuminate\\Pipeline\\Pipeline.php(130): Illuminate\\Routing\\Router->Illuminate\\Routing\\{closure}(Object(Illuminate\\Http\\Request))
#28 E:\\progras\\webDev\\wamp64\\www\\wop\\projects\\prj0006lv-LaravelNotificationExample1\\vendor\\laravel\\framework\\src\\Illuminate\\Routing\\Middleware\\SubstituteBindings.php(41): Illuminate\\Pipeline\\Pipeline->Illuminate\\Pipeline\\{closure}(Object(Illuminate\\Http\\Request))
#29 E:\\progras\\webDev\\wamp64\\www\\wop\\projects\\prj0006lv-LaravelNotificationExample1\\vendor\\laravel\\framework\\src\\Illuminate\\Pipeline\\Pipeline.php(171): Illuminate\\Routing\\Middleware\\SubstituteBindings->handle(Object(Illuminate\\Http\\Request), Object(Closure))
#30 E:\\progras\\webDev\\wamp64\\www\\wop\\projects\\prj0006lv-LaravelNotificationExample1\\vendor\\laravel\\framework\\src\\Illuminate\\Foundation\\Http\\Middleware\\VerifyCsrfToken.php(76): Illuminate\\Pipeline\\Pipeline->Illuminate\\Pipeline\\{closure}(Object(Illuminate\\Http\\Request))
#31 E:\\progras\\webDev\\wamp64\\www\\wop\\projects\\prj0006lv-LaravelNotificationExample1\\vendor\\laravel\\framework\\src\\Illuminate\\Pipeline\\Pipeline.php(171): Illuminate\\Foundation\\Http\\Middleware\\VerifyCsrfToken->handle(Object(Illuminate\\Http\\Request), Object(Closure))
#32 E:\\progras\\webDev\\wamp64\\www\\wop\\projects\\prj0006lv-LaravelNotificationExample1\\vendor\\laravel\\framework\\src\\Illuminate\\View\\Middleware\\ShareErrorsFromSession.php(49): Illuminate\\Pipeline\\Pipeline->Illuminate\\Pipeline\\{closure}(Object(Illuminate\\Http\\Request))
#33 E:\\progras\\webDev\\wamp64\\www\\wop\\projects\\prj0006lv-LaravelNotificationExample1\\vendor\\laravel\\framework\\src\\Illuminate\\Pipeline\\Pipeline.php(171): Illuminate\\View\\Middleware\\ShareErrorsFromSession->handle(Object(Illuminate\\Http\\Request), Object(Closure))
#34 E:\\progras\\webDev\\wamp64\\www\\wop\\projects\\prj0006lv-LaravelNotificationExample1\\vendor\\laravel\\framework\\src\\Illuminate\\Session\\Middleware\\StartSession.php(56): Illuminate\\Pipeline\\Pipeline->Illuminate\\Pipeline\\{closure}(Object(Illuminate\\Http\\Request))
#35 E:\\progras\\webDev\\wamp64\\www\\wop\\projects\\prj0006lv-LaravelNotificationExample1\\vendor\\laravel\\framework\\src\\Illuminate\\Pipeline\\Pipeline.php(171): Illuminate\\Session\\Middleware\\StartSession->handle(Object(Illuminate\\Http\\Request), Object(Closure))
#36 E:\\progras\\webDev\\wamp64\\www\\wop\\projects\\prj0006lv-LaravelNotificationExample1\\vendor\\laravel\\framework\\src\\Illuminate\\Cookie\\Middleware\\AddQueuedCookiesToResponse.php(37): Illuminate\\Pipeline\\Pipeline->Illuminate\\Pipeline\\{closure}(Object(Illuminate\\Http\\Request))
#37 E:\\progras\\webDev\\wamp64\\www\\wop\\projects\\prj0006lv-LaravelNotificationExample1\\vendor\\laravel\\framework\\src\\Illuminate\\Pipeline\\Pipeline.php(171): Illuminate\\Cookie\\Middleware\\AddQueuedCookiesToResponse->handle(Object(Illuminate\\Http\\Request), Object(Closure))
#38 E:\\progras\\webDev\\wamp64\\www\\wop\\projects\\prj0006lv-LaravelNotificationExample1\\vendor\\laravel\\framework\\src\\Illuminate\\Cookie\\Middleware\\EncryptCookies.php(66): Illuminate\\Pipeline\\Pipeline->Illuminate\\Pipeline\\{closure}(Object(Illuminate\\Http\\Request))
#39 E:\\progras\\webDev\\wamp64\\www\\wop\\projects\\prj0006lv-LaravelNotificationExample1\\vendor\\laravel\\framework\\src\\Illuminate\\Pipeline\\Pipeline.php(171): Illuminate\\Cookie\\Middleware\\EncryptCookies->handle(Object(Illuminate\\Http\\Request), Object(Closure))
#40 E:\\progras\\webDev\\wamp64\\www\\wop\\projects\\prj0006lv-LaravelNotificationExample1\\vendor\\laravel\\framework\\src\\Illuminate\\Pipeline\\Pipeline.php(105): Illuminate\\Pipeline\\Pipeline->Illuminate\\Pipeline\\{closure}(Object(Illuminate\\Http\\Request))
#41 E:\\progras\\webDev\\wamp64\\www\\wop\\projects\\prj0006lv-LaravelNotificationExample1\\vendor\\laravel\\framework\\src\\Illuminate\\Routing\\Router.php(683): Illuminate\\Pipeline\\Pipeline->then(Object(Closure))
#42 E:\\progras\\webDev\\wamp64\\www\\wop\\projects\\prj0006lv-LaravelNotificationExample1\\vendor\\laravel\\framework\\src\\Illuminate\\Routing\\Router.php(658): Illuminate\\Routing\\Router->runRouteWithinStack(Object(Illuminate\\Routing\\Route), Object(Illuminate\\Http\\Request))
#43 E:\\progras\\webDev\\wamp64\\www\\wop\\projects\\prj0006lv-LaravelNotificationExample1\\vendor\\laravel\\framework\\src\\Illuminate\\Routing\\Router.php(624): Illuminate\\Routing\\Router->runRoute(Object(Illuminate\\Http\\Request), Object(Illuminate\\Routing\\Route))
#44 E:\\progras\\webDev\\wamp64\\www\\wop\\projects\\prj0006lv-LaravelNotificationExample1\\vendor\\laravel\\framework\\src\\Illuminate\\Routing\\Router.php(613): Illuminate\\Routing\\Router->dispatchToRoute(Object(Illuminate\\Http\\Request))
#45 E:\\progras\\webDev\\wamp64\\www\\wop\\projects\\prj0006lv-LaravelNotificationExample1\\vendor\\laravel\\framework\\src\\Illuminate\\Foundation\\Http\\Kernel.php(170): Illuminate\\Routing\\Router->dispatch(Object(Illuminate\\Http\\Request))
#46 E:\\progras\\webDev\\wamp64\\www\\wop\\projects\\prj0006lv-LaravelNotificationExample1\\vendor\\laravel\\framework\\src\\Illuminate\\Pipeline\\Pipeline.php(130): Illuminate\\Foundation\\Http\\Kernel->Illuminate\\Foundation\\Http\\{closure}(Object(Illuminate\\Http\\Request))
#47 E:\\progras\\webDev\\wamp64\\www\\wop\\projects\\prj0006lv-LaravelNotificationExample1\\vendor\\laravel\\framework\\src\\Illuminate\\Foundation\\Http\\Middleware\\TransformsRequest.php(21): Illuminate\\Pipeline\\Pipeline->Illuminate\\Pipeline\\{closure}(Object(Illuminate\\Http\\Request))
#48 E:\\progras\\webDev\\wamp64\\www\\wop\\projects\\prj0006lv-LaravelNotificationExample1\\vendor\\laravel\\framework\\src\\Illuminate\\Pipeline\\Pipeline.php(171): Illuminate\\Foundation\\Http\\Middleware\\TransformsRequest->handle(Object(Illuminate\\Http\\Request), Object(Closure))
#49 E:\\progras\\webDev\\wamp64\\www\\wop\\projects\\prj0006lv-LaravelNotificationExample1\\vendor\\laravel\\framework\\src\\Illuminate\\Foundation\\Http\\Middleware\\TransformsRequest.php(21): Illuminate\\Pipeline\\Pipeline->Illuminate\\Pipeline\\{closure}(Object(Illuminate\\Http\\Request))
#50 E:\\progras\\webDev\\wamp64\\www\\wop\\projects\\prj0006lv-LaravelNotificationExample1\\vendor\\laravel\\framework\\src\\Illuminate\\Pipeline\\Pipeline.php(171): Illuminate\\Foundation\\Http\\Middleware\\TransformsRequest->handle(Object(Illuminate\\Http\\Request), Object(Closure))
#51 E:\\progras\\webDev\\wamp64\\www\\wop\\projects\\prj0006lv-LaravelNotificationExample1\\vendor\\laravel\\framework\\src\\Illuminate\\Foundation\\Http\\Middleware\\ValidatePostSize.php(27): Illuminate\\Pipeline\\Pipeline->Illuminate\\Pipeline\\{closure}(Object(Illuminate\\Http\\Request))
#52 E:\\progras\\webDev\\wamp64\\www\\wop\\projects\\prj0006lv-LaravelNotificationExample1\\vendor\\laravel\\framework\\src\\Illuminate\\Pipeline\\Pipeline.php(171): Illuminate\\Foundation\\Http\\Middleware\\ValidatePostSize->handle(Object(Illuminate\\Http\\Request), Object(Closure))
#53 E:\\progras\\webDev\\wamp64\\www\\wop\\projects\\prj0006lv-LaravelNotificationExample1\\vendor\\laravel\\framework\\src\\Illuminate\\Foundation\\Http\\Middleware\\CheckForMaintenanceMode.php(62): Illuminate\\Pipeline\\Pipeline->Illuminate\\Pipeline\\{closure}(Object(Illuminate\\Http\\Request))
#54 E:\\progras\\webDev\\wamp64\\www\\wop\\projects\\prj0006lv-LaravelNotificationExample1\\vendor\\laravel\\framework\\src\\Illuminate\\Pipeline\\Pipeline.php(171): Illuminate\\Foundation\\Http\\Middleware\\CheckForMaintenanceMode->handle(Object(Illuminate\\Http\\Request), Object(Closure))
#55 E:\\progras\\webDev\\wamp64\\www\\wop\\projects\\prj0006lv-LaravelNotificationExample1\\vendor\\fideloper\\proxy\\src\\TrustProxies.php(57): Illuminate\\Pipeline\\Pipeline->Illuminate\\Pipeline\\{closure}(Object(Illuminate\\Http\\Request))
#56 E:\\progras\\webDev\\wamp64\\www\\wop\\projects\\prj0006lv-LaravelNotificationExample1\\vendor\\laravel\\framework\\src\\Illuminate\\Pipeline\\Pipeline.php(171): Fideloper\\Proxy\\TrustProxies->handle(Object(Illuminate\\Http\\Request), Object(Closure))
#57 E:\\progras\\webDev\\wamp64\\www\\wop\\projects\\prj0006lv-LaravelNotificationExample1\\vendor\\laravel\\framework\\src\\Illuminate\\Pipeline\\Pipeline.php(105): Illuminate\\Pipeline\\Pipeline->Illuminate\\Pipeline\\{closure}(Object(Illuminate\\Http\\Request))
#58 E:\\progras\\webDev\\wamp64\\www\\wop\\projects\\prj0006lv-LaravelNotificationExample1\\vendor\\laravel\\framework\\src\\Illuminate\\Foundation\\Http\\Kernel.php(145): Illuminate\\Pipeline\\Pipeline->then(Object(Closure))
#59 E:\\progras\\webDev\\wamp64\\www\\wop\\projects\\prj0006lv-LaravelNotificationExample1\\vendor\\laravel\\framework\\src\\Illuminate\\Foundation\\Http\\Kernel.php(110): Illuminate\\Foundation\\Http\\Kernel->sendRequestThroughRouter(Object(Illuminate\\Http\\Request))
#60 E:\\progras\\webDev\\wamp64\\www\\wop\\projects\\prj0006lv-LaravelNotificationExample1\\public\\index.php(55): Illuminate\\Foundation\\Http\\Kernel->handle(Object(Illuminate\\Http\\Request))
#61 E:\\progras\\webDev\\wamp64\\www\\wop\\projects\\prj0006lv-LaravelNotificationExample1\\server.php(21): require_once('E:\\\\progras\\\\webD...')
#62 {main}
"} 
[2019-12-23 11:50:32] local.ERROR:  {"exception":"[object] (Illuminate\\Broadcasting\\BroadcastException(code: 0):  at E:\\progras\\webDev\\wamp64\\www\\wop\\projects\\prj0006lv-LaravelNotificationExample1\\vendor\\laravel\\framework\\src\\Illuminate\\Broadcasting\\Broadcasters\\PusherBroadcaster.php:119)
[stacktrace]
#0 E:\\progras\\webDev\\wamp64\\www\\wop\\projects\\prj0006lv-LaravelNotificationExample1\\vendor\\laravel\\framework\\src\\Illuminate\\Broadcasting\\BroadcastEvent.php(64): Illuminate\\Broadcasting\\Broadcasters\\PusherBroadcaster->broadcast(Array, 'App\\\\Events\\\\Stat...', Array)
#1 [internal function]: Illuminate\\Broadcasting\\BroadcastEvent->handle(Object(Illuminate\\Broadcasting\\Broadcasters\\PusherBroadcaster))
#2 E:\\progras\\webDev\\wamp64\\www\\wop\\projects\\prj0006lv-LaravelNotificationExample1\\vendor\\laravel\\framework\\src\\Illuminate\\Container\\BoundMethod.php(32): call_user_func_array(Array, Array)
#3 E:\\progras\\webDev\\wamp64\\www\\wop\\projects\\prj0006lv-LaravelNotificationExample1\\vendor\\laravel\\framework\\src\\Illuminate\\Container\\Util.php(36): Illuminate\\Container\\BoundMethod::Illuminate\\Container\\{closure}()
#4 E:\\progras\\webDev\\wamp64\\www\\wop\\projects\\prj0006lv-LaravelNotificationExample1\\vendor\\laravel\\framework\\src\\Illuminate\\Container\\BoundMethod.php(90): Illuminate\\Container\\Util::unwrapIfClosure(Object(Closure))
#5 E:\\progras\\webDev\\wamp64\\www\\wop\\projects\\prj0006lv-LaravelNotificationExample1\\vendor\\laravel\\framework\\src\\Illuminate\\Container\\BoundMethod.php(34): Illuminate\\Container\\BoundMethod::callBoundMethod(Object(Illuminate\\Foundation\\Application), Array, Object(Closure))
#6 E:\\progras\\webDev\\wamp64\\www\\wop\\projects\\prj0006lv-LaravelNotificationExample1\\vendor\\laravel\\framework\\src\\Illuminate\\Container\\Container.php(590): Illuminate\\Container\\BoundMethod::call(Object(Illuminate\\Foundation\\Application), Array, Array, NULL)
#7 E:\\progras\\webDev\\wamp64\\www\\wop\\projects\\prj0006lv-LaravelNotificationExample1\\vendor\\laravel\\framework\\src\\Illuminate\\Bus\\Dispatcher.php(94): Illuminate\\Container\\Container->call(Array)
#8 E:\\progras\\webDev\\wamp64\\www\\wop\\projects\\prj0006lv-LaravelNotificationExample1\\vendor\\laravel\\framework\\src\\Illuminate\\Pipeline\\Pipeline.php(130): Illuminate\\Bus\\Dispatcher->Illuminate\\Bus\\{closure}(Object(Illuminate\\Broadcasting\\BroadcastEvent))
#9 E:\\progras\\webDev\\wamp64\\www\\wop\\projects\\prj0006lv-LaravelNotificationExample1\\vendor\\laravel\\framework\\src\\Illuminate\\Pipeline\\Pipeline.php(105): Illuminate\\Pipeline\\Pipeline->Illuminate\\Pipeline\\{closure}(Object(Illuminate\\Broadcasting\\BroadcastEvent))
#10 E:\\progras\\webDev\\wamp64\\www\\wop\\projects\\prj0006lv-LaravelNotificationExample1\\vendor\\laravel\\framework\\src\\Illuminate\\Bus\\Dispatcher.php(98): Illuminate\\Pipeline\\Pipeline->then(Object(Closure))
#11 E:\\progras\\webDev\\wamp64\\www\\wop\\projects\\prj0006lv-LaravelNotificationExample1\\vendor\\laravel\\framework\\src\\Illuminate\\Queue\\CallQueuedHandler.php(83): Illuminate\\Bus\\Dispatcher->dispatchNow(Object(Illuminate\\Broadcasting\\BroadcastEvent), false)
#12 E:\\progras\\webDev\\wamp64\\www\\wop\\projects\\prj0006lv-LaravelNotificationExample1\\vendor\\laravel\\framework\\src\\Illuminate\\Pipeline\\Pipeline.php(130): Illuminate\\Queue\\CallQueuedHandler->Illuminate\\Queue\\{closure}(Object(Illuminate\\Broadcasting\\BroadcastEvent))
#13 E:\\progras\\webDev\\wamp64\\www\\wop\\projects\\prj0006lv-LaravelNotificationExample1\\vendor\\laravel\\framework\\src\\Illuminate\\Pipeline\\Pipeline.php(105): Illuminate\\Pipeline\\Pipeline->Illuminate\\Pipeline\\{closure}(Object(Illuminate\\Broadcasting\\BroadcastEvent))
#14 E:\\progras\\webDev\\wamp64\\www\\wop\\projects\\prj0006lv-LaravelNotificationExample1\\vendor\\laravel\\framework\\src\\Illuminate\\Queue\\CallQueuedHandler.php(85): Illuminate\\Pipeline\\Pipeline->then(Object(Closure))
#15 E:\\progras\\webDev\\wamp64\\www\\wop\\projects\\prj0006lv-LaravelNotificationExample1\\vendor\\laravel\\framework\\src\\Illuminate\\Queue\\CallQueuedHandler.php(59): Illuminate\\Queue\\CallQueuedHandler->dispatchThroughMiddleware(Object(Illuminate\\Queue\\Jobs\\SyncJob), Object(Illuminate\\Broadcasting\\BroadcastEvent))
#16 E:\\progras\\webDev\\wamp64\\www\\wop\\projects\\prj0006lv-LaravelNotificationExample1\\vendor\\laravel\\framework\\src\\Illuminate\\Queue\\Jobs\\Job.php(88): Illuminate\\Queue\\CallQueuedHandler->call(Object(Illuminate\\Queue\\Jobs\\SyncJob), Array)
#17 E:\\progras\\webDev\\wamp64\\www\\wop\\projects\\prj0006lv-LaravelNotificationExample1\\vendor\\laravel\\framework\\src\\Illuminate\\Queue\\SyncQueue.php(45): Illuminate\\Queue\\Jobs\\Job->fire()
#18 E:\\progras\\webDev\\wamp64\\www\\wop\\projects\\prj0006lv-LaravelNotificationExample1\\vendor\\laravel\\framework\\src\\Illuminate\\Queue\\Queue.php(44): Illuminate\\Queue\\SyncQueue->push(Object(Illuminate\\Broadcasting\\BroadcastEvent), '', NULL)
#19 E:\\progras\\webDev\\wamp64\\www\\wop\\projects\\prj0006lv-LaravelNotificationExample1\\vendor\\laravel\\framework\\src\\Illuminate\\Broadcasting\\BroadcastManager.php(127): Illuminate\\Queue\\Queue->pushOn(NULL, Object(Illuminate\\Broadcasting\\BroadcastEvent))
#20 E:\\progras\\webDev\\wamp64\\www\\wop\\projects\\prj0006lv-LaravelNotificationExample1\\vendor\\laravel\\framework\\src\\Illuminate\\Events\\Dispatcher.php(267): Illuminate\\Broadcasting\\BroadcastManager->queue(Object(App\\Events\\StatusLiked))
#21 E:\\progras\\webDev\\wamp64\\www\\wop\\projects\\prj0006lv-LaravelNotificationExample1\\vendor\\laravel\\framework\\src\\Illuminate\\Events\\Dispatcher.php(190): Illuminate\\Events\\Dispatcher->broadcastEvent(Object(App\\Events\\StatusLiked))
#22 E:\\progras\\webDev\\wamp64\\www\\wop\\projects\\prj0006lv-LaravelNotificationExample1\\vendor\\laravel\\framework\\src\\Illuminate\\Foundation\\helpers.php(482): Illuminate\\Events\\Dispatcher->dispatch('App\\\\Events\\\\Stat...')
#23 E:\\progras\\webDev\\wamp64\\www\\wop\\projects\\prj0006lv-LaravelNotificationExample1\outes\\web.php(19): event(Object(App\\Events\\StatusLiked))
#24 E:\\progras\\webDev\\wamp64\\www\\wop\\projects\\prj0006lv-LaravelNotificationExample1\\vendor\\laravel\\framework\\src\\Illuminate\\Routing\\Route.php(205): Illuminate\\Routing\\RouteFileRegistrar->{closure}()
#25 E:\\progras\\webDev\\wamp64\\www\\wop\\projects\\prj0006lv-LaravelNotificationExample1\\vendor\\laravel\\framework\\src\\Illuminate\\Routing\\Route.php(179): Illuminate\\Routing\\Route->runCallable()
#26 E:\\progras\\webDev\\wamp64\\www\\wop\\projects\\prj0006lv-LaravelNotificationExample1\\vendor\\laravel\\framework\\src\\Illuminate\\Routing\\Router.php(681): Illuminate\\Routing\\Route->run()
#27 E:\\progras\\webDev\\wamp64\\www\\wop\\projects\\prj0006lv-LaravelNotificationExample1\\vendor\\laravel\\framework\\src\\Illuminate\\Pipeline\\Pipeline.php(130): Illuminate\\Routing\\Router->Illuminate\\Routing\\{closure}(Object(Illuminate\\Http\\Request))
#28 E:\\progras\\webDev\\wamp64\\www\\wop\\projects\\prj0006lv-LaravelNotificationExample1\\vendor\\laravel\\framework\\src\\Illuminate\\Routing\\Middleware\\SubstituteBindings.php(41): Illuminate\\Pipeline\\Pipeline->Illuminate\\Pipeline\\{closure}(Object(Illuminate\\Http\\Request))
#29 E:\\progras\\webDev\\wamp64\\www\\wop\\projects\\prj0006lv-LaravelNotificationExample1\\vendor\\laravel\\framework\\src\\Illuminate\\Pipeline\\Pipeline.php(171): Illuminate\\Routing\\Middleware\\SubstituteBindings->handle(Object(Illuminate\\Http\\Request), Object(Closure))
#30 E:\\progras\\webDev\\wamp64\\www\\wop\\projects\\prj0006lv-LaravelNotificationExample1\\vendor\\laravel\\framework\\src\\Illuminate\\Foundation\\Http\\Middleware\\VerifyCsrfToken.php(76): Illuminate\\Pipeline\\Pipeline->Illuminate\\Pipeline\\{closure}(Object(Illuminate\\Http\\Request))
#31 E:\\progras\\webDev\\wamp64\\www\\wop\\projects\\prj0006lv-LaravelNotificationExample1\\vendor\\laravel\\framework\\src\\Illuminate\\Pipeline\\Pipeline.php(171): Illuminate\\Foundation\\Http\\Middleware\\VerifyCsrfToken->handle(Object(Illuminate\\Http\\Request), Object(Closure))
#32 E:\\progras\\webDev\\wamp64\\www\\wop\\projects\\prj0006lv-LaravelNotificationExample1\\vendor\\laravel\\framework\\src\\Illuminate\\View\\Middleware\\ShareErrorsFromSession.php(49): Illuminate\\Pipeline\\Pipeline->Illuminate\\Pipeline\\{closure}(Object(Illuminate\\Http\\Request))
#33 E:\\progras\\webDev\\wamp64\\www\\wop\\projects\\prj0006lv-LaravelNotificationExample1\\vendor\\laravel\\framework\\src\\Illuminate\\Pipeline\\Pipeline.php(171): Illuminate\\View\\Middleware\\ShareErrorsFromSession->handle(Object(Illuminate\\Http\\Request), Object(Closure))
#34 E:\\progras\\webDev\\wamp64\\www\\wop\\projects\\prj0006lv-LaravelNotificationExample1\\vendor\\laravel\\framework\\src\\Illuminate\\Session\\Middleware\\StartSession.php(56): Illuminate\\Pipeline\\Pipeline->Illuminate\\Pipeline\\{closure}(Object(Illuminate\\Http\\Request))
#35 E:\\progras\\webDev\\wamp64\\www\\wop\\projects\\prj0006lv-LaravelNotificationExample1\\vendor\\laravel\\framework\\src\\Illuminate\\Pipeline\\Pipeline.php(171): Illuminate\\Session\\Middleware\\StartSession->handle(Object(Illuminate\\Http\\Request), Object(Closure))
#36 E:\\progras\\webDev\\wamp64\\www\\wop\\projects\\prj0006lv-LaravelNotificationExample1\\vendor\\laravel\\framework\\src\\Illuminate\\Cookie\\Middleware\\AddQueuedCookiesToResponse.php(37): Illuminate\\Pipeline\\Pipeline->Illuminate\\Pipeline\\{closure}(Object(Illuminate\\Http\\Request))
#37 E:\\progras\\webDev\\wamp64\\www\\wop\\projects\\prj0006lv-LaravelNotificationExample1\\vendor\\laravel\\framework\\src\\Illuminate\\Pipeline\\Pipeline.php(171): Illuminate\\Cookie\\Middleware\\AddQueuedCookiesToResponse->handle(Object(Illuminate\\Http\\Request), Object(Closure))
#38 E:\\progras\\webDev\\wamp64\\www\\wop\\projects\\prj0006lv-LaravelNotificationExample1\\vendor\\laravel\\framework\\src\\Illuminate\\Cookie\\Middleware\\EncryptCookies.php(66): Illuminate\\Pipeline\\Pipeline->Illuminate\\Pipeline\\{closure}(Object(Illuminate\\Http\\Request))
#39 E:\\progras\\webDev\\wamp64\\www\\wop\\projects\\prj0006lv-LaravelNotificationExample1\\vendor\\laravel\\framework\\src\\Illuminate\\Pipeline\\Pipeline.php(171): Illuminate\\Cookie\\Middleware\\EncryptCookies->handle(Object(Illuminate\\Http\\Request), Object(Closure))
#40 E:\\progras\\webDev\\wamp64\\www\\wop\\projects\\prj0006lv-LaravelNotificationExample1\\vendor\\laravel\\framework\\src\\Illuminate\\Pipeline\\Pipeline.php(105): Illuminate\\Pipeline\\Pipeline->Illuminate\\Pipeline\\{closure}(Object(Illuminate\\Http\\Request))
#41 E:\\progras\\webDev\\wamp64\\www\\wop\\projects\\prj0006lv-LaravelNotificationExample1\\vendor\\laravel\\framework\\src\\Illuminate\\Routing\\Router.php(683): Illuminate\\Pipeline\\Pipeline->then(Object(Closure))
#42 E:\\progras\\webDev\\wamp64\\www\\wop\\projects\\prj0006lv-LaravelNotificationExample1\\vendor\\laravel\\framework\\src\\Illuminate\\Routing\\Router.php(658): Illuminate\\Routing\\Router->runRouteWithinStack(Object(Illuminate\\Routing\\Route), Object(Illuminate\\Http\\Request))
#43 E:\\progras\\webDev\\wamp64\\www\\wop\\projects\\prj0006lv-LaravelNotificationExample1\\vendor\\laravel\\framework\\src\\Illuminate\\Routing\\Router.php(624): Illuminate\\Routing\\Router->runRoute(Object(Illuminate\\Http\\Request), Object(Illuminate\\Routing\\Route))
#44 E:\\progras\\webDev\\wamp64\\www\\wop\\projects\\prj0006lv-LaravelNotificationExample1\\vendor\\laravel\\framework\\src\\Illuminate\\Routing\\Router.php(613): Illuminate\\Routing\\Router->dispatchToRoute(Object(Illuminate\\Http\\Request))
#45 E:\\progras\\webDev\\wamp64\\www\\wop\\projects\\prj0006lv-LaravelNotificationExample1\\vendor\\laravel\\framework\\src\\Illuminate\\Foundation\\Http\\Kernel.php(170): Illuminate\\Routing\\Router->dispatch(Object(Illuminate\\Http\\Request))
#46 E:\\progras\\webDev\\wamp64\\www\\wop\\projects\\prj0006lv-LaravelNotificationExample1\\vendor\\laravel\\framework\\src\\Illuminate\\Pipeline\\Pipeline.php(130): Illuminate\\Foundation\\Http\\Kernel->Illuminate\\Foundation\\Http\\{closure}(Object(Illuminate\\Http\\Request))
#47 E:\\progras\\webDev\\wamp64\\www\\wop\\projects\\prj0006lv-LaravelNotificationExample1\\vendor\\laravel\\framework\\src\\Illuminate\\Foundation\\Http\\Middleware\\TransformsRequest.php(21): Illuminate\\Pipeline\\Pipeline->Illuminate\\Pipeline\\{closure}(Object(Illuminate\\Http\\Request))
#48 E:\\progras\\webDev\\wamp64\\www\\wop\\projects\\prj0006lv-LaravelNotificationExample1\\vendor\\laravel\\framework\\src\\Illuminate\\Pipeline\\Pipeline.php(171): Illuminate\\Foundation\\Http\\Middleware\\TransformsRequest->handle(Object(Illuminate\\Http\\Request), Object(Closure))
#49 E:\\progras\\webDev\\wamp64\\www\\wop\\projects\\prj0006lv-LaravelNotificationExample1\\vendor\\laravel\\framework\\src\\Illuminate\\Foundation\\Http\\Middleware\\TransformsRequest.php(21): Illuminate\\Pipeline\\Pipeline->Illuminate\\Pipeline\\{closure}(Object(Illuminate\\Http\\Request))
#50 E:\\progras\\webDev\\wamp64\\www\\wop\\projects\\prj0006lv-LaravelNotificationExample1\\vendor\\laravel\\framework\\src\\Illuminate\\Pipeline\\Pipeline.php(171): Illuminate\\Foundation\\Http\\Middleware\\TransformsRequest->handle(Object(Illuminate\\Http\\Request), Object(Closure))
#51 E:\\progras\\webDev\\wamp64\\www\\wop\\projects\\prj0006lv-LaravelNotificationExample1\\vendor\\laravel\\framework\\src\\Illuminate\\Foundation\\Http\\Middleware\\ValidatePostSize.php(27): Illuminate\\Pipeline\\Pipeline->Illuminate\\Pipeline\\{closure}(Object(Illuminate\\Http\\Request))
#52 E:\\progras\\webDev\\wamp64\\www\\wop\\projects\\prj0006lv-LaravelNotificationExample1\\vendor\\laravel\\framework\\src\\Illuminate\\Pipeline\\Pipeline.php(171): Illuminate\\Foundation\\Http\\Middleware\\ValidatePostSize->handle(Object(Illuminate\\Http\\Request), Object(Closure))
#53 E:\\progras\\webDev\\wamp64\\www\\wop\\projects\\prj0006lv-LaravelNotificationExample1\\vendor\\laravel\\framework\\src\\Illuminate\\Foundation\\Http\\Middleware\\CheckForMaintenanceMode.php(62): Illuminate\\Pipeline\\Pipeline->Illuminate\\Pipeline\\{closure}(Object(Illuminate\\Http\\Request))
#54 E:\\progras\\webDev\\wamp64\\www\\wop\\projects\\prj0006lv-LaravelNotificationExample1\\vendor\\laravel\\framework\\src\\Illuminate\\Pipeline\\Pipeline.php(171): Illuminate\\Foundation\\Http\\Middleware\\CheckForMaintenanceMode->handle(Object(Illuminate\\Http\\Request), Object(Closure))
#55 E:\\progras\\webDev\\wamp64\\www\\wop\\projects\\prj0006lv-LaravelNotificationExample1\\vendor\\fideloper\\proxy\\src\\TrustProxies.php(57): Illuminate\\Pipeline\\Pipeline->Illuminate\\Pipeline\\{closure}(Object(Illuminate\\Http\\Request))
#56 E:\\progras\\webDev\\wamp64\\www\\wop\\projects\\prj0006lv-LaravelNotificationExample1\\vendor\\laravel\\framework\\src\\Illuminate\\Pipeline\\Pipeline.php(171): Fideloper\\Proxy\\TrustProxies->handle(Object(Illuminate\\Http\\Request), Object(Closure))
#57 E:\\progras\\webDev\\wamp64\\www\\wop\\projects\\prj0006lv-LaravelNotificationExample1\\vendor\\laravel\\framework\\src\\Illuminate\\Pipeline\\Pipeline.php(105): Illuminate\\Pipeline\\Pipeline->Illuminate\\Pipeline\\{closure}(Object(Illuminate\\Http\\Request))
#58 E:\\progras\\webDev\\wamp64\\www\\wop\\projects\\prj0006lv-LaravelNotificationExample1\\vendor\\laravel\\framework\\src\\Illuminate\\Foundation\\Http\\Kernel.php(145): Illuminate\\Pipeline\\Pipeline->then(Object(Closure))
#59 E:\\progras\\webDev\\wamp64\\www\\wop\\projects\\prj0006lv-LaravelNotificationExample1\\vendor\\laravel\\framework\\src\\Illuminate\\Foundation\\Http\\Kernel.php(110): Illuminate\\Foundation\\Http\\Kernel->sendRequestThroughRouter(Object(Illuminate\\Http\\Request))
#60 E:\\progras\\webDev\\wamp64\\www\\wop\\projects\\prj0006lv-LaravelNotificationExample1\\public\\index.php(55): Illuminate\\Foundation\\Http\\Kernel->handle(Object(Illuminate\\Http\\Request))
#61 E:\\progras\\webDev\\wamp64\\www\\wop\\projects\\prj0006lv-LaravelNotificationExample1\\server.php(21): require_once('E:\\\\progras\\\\webD...')
#62 {main}
"} 
[2019-12-23 12:00:02] local.ERROR:  {"exception":"[object] (Illuminate\\Broadcasting\\BroadcastException(code: 0):  at E:\\progras\\webDev\\wamp64\\www\\wop\\projects\\prj0006lv-LaravelNotificationExample1\\vendor\\laravel\\framework\\src\\Illuminate\\Broadcasting\\Broadcasters\\PusherBroadcaster.php:119)
[stacktrace]
#0 E:\\progras\\webDev\\wamp64\\www\\wop\\projects\\prj0006lv-LaravelNotificationExample1\\vendor\\laravel\\framework\\src\\Illuminate\\Broadcasting\\BroadcastEvent.php(64): Illuminate\\Broadcasting\\Broadcasters\\PusherBroadcaster->broadcast(Array, 'App\\\\Events\\\\Stat...', Array)
#1 [internal function]: Illuminate\\Broadcasting\\BroadcastEvent->handle(Object(Illuminate\\Broadcasting\\Broadcasters\\PusherBroadcaster))
#2 E:\\progras\\webDev\\wamp64\\www\\wop\\projects\\prj0006lv-LaravelNotificationExample1\\vendor\\laravel\\framework\\src\\Illuminate\\Container\\BoundMethod.php(32): call_user_func_array(Array, Array)
#3 E:\\progras\\webDev\\wamp64\\www\\wop\\projects\\prj0006lv-LaravelNotificationExample1\\vendor\\laravel\\framework\\src\\Illuminate\\Container\\Util.php(36): Illuminate\\Container\\BoundMethod::Illuminate\\Container\\{closure}()
#4 E:\\progras\\webDev\\wamp64\\www\\wop\\projects\\prj0006lv-LaravelNotificationExample1\\vendor\\laravel\\framework\\src\\Illuminate\\Container\\BoundMethod.php(90): Illuminate\\Container\\Util::unwrapIfClosure(Object(Closure))
#5 E:\\progras\\webDev\\wamp64\\www\\wop\\projects\\prj0006lv-LaravelNotificationExample1\\vendor\\laravel\\framework\\src\\Illuminate\\Container\\BoundMethod.php(34): Illuminate\\Container\\BoundMethod::callBoundMethod(Object(Illuminate\\Foundation\\Application), Array, Object(Closure))
#6 E:\\progras\\webDev\\wamp64\\www\\wop\\projects\\prj0006lv-LaravelNotificationExample1\\vendor\\laravel\\framework\\src\\Illuminate\\Container\\Container.php(590): Illuminate\\Container\\BoundMethod::call(Object(Illuminate\\Foundation\\Application), Array, Array, NULL)
#7 E:\\progras\\webDev\\wamp64\\www\\wop\\projects\\prj0006lv-LaravelNotificationExample1\\vendor\\laravel\\framework\\src\\Illuminate\\Bus\\Dispatcher.php(94): Illuminate\\Container\\Container->call(Array)
#8 E:\\progras\\webDev\\wamp64\\www\\wop\\projects\\prj0006lv-LaravelNotificationExample1\\vendor\\laravel\\framework\\src\\Illuminate\\Pipeline\\Pipeline.php(130): Illuminate\\Bus\\Dispatcher->Illuminate\\Bus\\{closure}(Object(Illuminate\\Broadcasting\\BroadcastEvent))
#9 E:\\progras\\webDev\\wamp64\\www\\wop\\projects\\prj0006lv-LaravelNotificationExample1\\vendor\\laravel\\framework\\src\\Illuminate\\Pipeline\\Pipeline.php(105): Illuminate\\Pipeline\\Pipeline->Illuminate\\Pipeline\\{closure}(Object(Illuminate\\Broadcasting\\BroadcastEvent))
#10 E:\\progras\\webDev\\wamp64\\www\\wop\\projects\\prj0006lv-LaravelNotificationExample1\\vendor\\laravel\\framework\\src\\Illuminate\\Bus\\Dispatcher.php(98): Illuminate\\Pipeline\\Pipeline->then(Object(Closure))
#11 E:\\progras\\webDev\\wamp64\\www\\wop\\projects\\prj0006lv-LaravelNotificationExample1\\vendor\\laravel\\framework\\src\\Illuminate\\Queue\\CallQueuedHandler.php(83): Illuminate\\Bus\\Dispatcher->dispatchNow(Object(Illuminate\\Broadcasting\\BroadcastEvent), false)
#12 E:\\progras\\webDev\\wamp64\\www\\wop\\projects\\prj0006lv-LaravelNotificationExample1\\vendor\\laravel\\framework\\src\\Illuminate\\Pipeline\\Pipeline.php(130): Illuminate\\Queue\\CallQueuedHandler->Illuminate\\Queue\\{closure}(Object(Illuminate\\Broadcasting\\BroadcastEvent))
#13 E:\\progras\\webDev\\wamp64\\www\\wop\\projects\\prj0006lv-LaravelNotificationExample1\\vendor\\laravel\\framework\\src\\Illuminate\\Pipeline\\Pipeline.php(105): Illuminate\\Pipeline\\Pipeline->Illuminate\\Pipeline\\{closure}(Object(Illuminate\\Broadcasting\\BroadcastEvent))
#14 E:\\progras\\webDev\\wamp64\\www\\wop\\projects\\prj0006lv-LaravelNotificationExample1\\vendor\\laravel\\framework\\src\\Illuminate\\Queue\\CallQueuedHandler.php(85): Illuminate\\Pipeline\\Pipeline->then(Object(Closure))
#15 E:\\progras\\webDev\\wamp64\\www\\wop\\projects\\prj0006lv-LaravelNotificationExample1\\vendor\\laravel\\framework\\src\\Illuminate\\Queue\\CallQueuedHandler.php(59): Illuminate\\Queue\\CallQueuedHandler->dispatchThroughMiddleware(Object(Illuminate\\Queue\\Jobs\\SyncJob), Object(Illuminate\\Broadcasting\\BroadcastEvent))
#16 E:\\progras\\webDev\\wamp64\\www\\wop\\projects\\prj0006lv-LaravelNotificationExample1\\vendor\\laravel\\framework\\src\\Illuminate\\Queue\\Jobs\\Job.php(88): Illuminate\\Queue\\CallQueuedHandler->call(Object(Illuminate\\Queue\\Jobs\\SyncJob), Array)
#17 E:\\progras\\webDev\\wamp64\\www\\wop\\projects\\prj0006lv-LaravelNotificationExample1\\vendor\\laravel\\framework\\src\\Illuminate\\Queue\\SyncQueue.php(45): Illuminate\\Queue\\Jobs\\Job->fire()
#18 E:\\progras\\webDev\\wamp64\\www\\wop\\projects\\prj0006lv-LaravelNotificationExample1\\vendor\\laravel\\framework\\src\\Illuminate\\Queue\\Queue.php(44): Illuminate\\Queue\\SyncQueue->push(Object(Illuminate\\Broadcasting\\BroadcastEvent), '', NULL)
#19 E:\\progras\\webDev\\wamp64\\www\\wop\\projects\\prj0006lv-LaravelNotificationExample1\\vendor\\laravel\\framework\\src\\Illuminate\\Broadcasting\\BroadcastManager.php(127): Illuminate\\Queue\\Queue->pushOn(NULL, Object(Illuminate\\Broadcasting\\BroadcastEvent))
#20 E:\\progras\\webDev\\wamp64\\www\\wop\\projects\\prj0006lv-LaravelNotificationExample1\\vendor\\laravel\\framework\\src\\Illuminate\\Events\\Dispatcher.php(267): Illuminate\\Broadcasting\\BroadcastManager->queue(Object(App\\Events\\StatusLiked))
#21 E:\\progras\\webDev\\wamp64\\www\\wop\\projects\\prj0006lv-LaravelNotificationExample1\\vendor\\laravel\\framework\\src\\Illuminate\\Events\\Dispatcher.php(190): Illuminate\\Events\\Dispatcher->broadcastEvent(Object(App\\Events\\StatusLiked))
#22 E:\\progras\\webDev\\wamp64\\www\\wop\\projects\\prj0006lv-LaravelNotificationExample1\\vendor\\laravel\\framework\\src\\Illuminate\\Foundation\\helpers.php(482): Illuminate\\Events\\Dispatcher->dispatch('App\\\\Events\\\\Stat...')
#23 E:\\progras\\webDev\\wamp64\\www\\wop\\projects\\prj0006lv-LaravelNotificationExample1\outes\\web.php(19): event(Object(App\\Events\\StatusLiked))
#24 E:\\progras\\webDev\\wamp64\\www\\wop\\projects\\prj0006lv-LaravelNotificationExample1\\vendor\\laravel\\framework\\src\\Illuminate\\Routing\\Route.php(205): Illuminate\\Routing\\RouteFileRegistrar->{closure}()
#25 E:\\progras\\webDev\\wamp64\\www\\wop\\projects\\prj0006lv-LaravelNotificationExample1\\vendor\\laravel\\framework\\src\\Illuminate\\Routing\\Route.php(179): Illuminate\\Routing\\Route->runCallable()
#26 E:\\progras\\webDev\\wamp64\\www\\wop\\projects\\prj0006lv-LaravelNotificationExample1\\vendor\\laravel\\framework\\src\\Illuminate\\Routing\\Router.php(681): Illuminate\\Routing\\Route->run()
#27 E:\\progras\\webDev\\wamp64\\www\\wop\\projects\\prj0006lv-LaravelNotificationExample1\\vendor\\laravel\\framework\\src\\Illuminate\\Pipeline\\Pipeline.php(130): Illuminate\\Routing\\Router->Illuminate\\Routing\\{closure}(Object(Illuminate\\Http\\Request))
#28 E:\\progras\\webDev\\wamp64\\www\\wop\\projects\\prj0006lv-LaravelNotificationExample1\\vendor\\laravel\\framework\\src\\Illuminate\\Routing\\Middleware\\SubstituteBindings.php(41): Illuminate\\Pipeline\\Pipeline->Illuminate\\Pipeline\\{closure}(Object(Illuminate\\Http\\Request))
#29 E:\\progras\\webDev\\wamp64\\www\\wop\\projects\\prj0006lv-LaravelNotificationExample1\\vendor\\laravel\\framework\\src\\Illuminate\\Pipeline\\Pipeline.php(171): Illuminate\\Routing\\Middleware\\SubstituteBindings->handle(Object(Illuminate\\Http\\Request), Object(Closure))
#30 E:\\progras\\webDev\\wamp64\\www\\wop\\projects\\prj0006lv-LaravelNotificationExample1\\vendor\\laravel\\framework\\src\\Illuminate\\Foundation\\Http\\Middleware\\VerifyCsrfToken.php(76): Illuminate\\Pipeline\\Pipeline->Illuminate\\Pipeline\\{closure}(Object(Illuminate\\Http\\Request))
#31 E:\\progras\\webDev\\wamp64\\www\\wop\\projects\\prj0006lv-LaravelNotificationExample1\\vendor\\laravel\\framework\\src\\Illuminate\\Pipeline\\Pipeline.php(171): Illuminate\\Foundation\\Http\\Middleware\\VerifyCsrfToken->handle(Object(Illuminate\\Http\\Request), Object(Closure))
#32 E:\\progras\\webDev\\wamp64\\www\\wop\\projects\\prj0006lv-LaravelNotificationExample1\\vendor\\laravel\\framework\\src\\Illuminate\\View\\Middleware\\ShareErrorsFromSession.php(49): Illuminate\\Pipeline\\Pipeline->Illuminate\\Pipeline\\{closure}(Object(Illuminate\\Http\\Request))
#33 E:\\progras\\webDev\\wamp64\\www\\wop\\projects\\prj0006lv-LaravelNotificationExample1\\vendor\\laravel\\framework\\src\\Illuminate\\Pipeline\\Pipeline.php(171): Illuminate\\View\\Middleware\\ShareErrorsFromSession->handle(Object(Illuminate\\Http\\Request), Object(Closure))
#34 E:\\progras\\webDev\\wamp64\\www\\wop\\projects\\prj0006lv-LaravelNotificationExample1\\vendor\\laravel\\framework\\src\\Illuminate\\Session\\Middleware\\StartSession.php(56): Illuminate\\Pipeline\\Pipeline->Illuminate\\Pipeline\\{closure}(Object(Illuminate\\Http\\Request))
#35 E:\\progras\\webDev\\wamp64\\www\\wop\\projects\\prj0006lv-LaravelNotificationExample1\\vendor\\laravel\\framework\\src\\Illuminate\\Pipeline\\Pipeline.php(171): Illuminate\\Session\\Middleware\\StartSession->handle(Object(Illuminate\\Http\\Request), Object(Closure))
#36 E:\\progras\\webDev\\wamp64\\www\\wop\\projects\\prj0006lv-LaravelNotificationExample1\\vendor\\laravel\\framework\\src\\Illuminate\\Cookie\\Middleware\\AddQueuedCookiesToResponse.php(37): Illuminate\\Pipeline\\Pipeline->Illuminate\\Pipeline\\{closure}(Object(Illuminate\\Http\\Request))
#37 E:\\progras\\webDev\\wamp64\\www\\wop\\projects\\prj0006lv-LaravelNotificationExample1\\vendor\\laravel\\framework\\src\\Illuminate\\Pipeline\\Pipeline.php(171): Illuminate\\Cookie\\Middleware\\AddQueuedCookiesToResponse->handle(Object(Illuminate\\Http\\Request), Object(Closure))
#38 E:\\progras\\webDev\\wamp64\\www\\wop\\projects\\prj0006lv-LaravelNotificationExample1\\vendor\\laravel\\framework\\src\\Illuminate\\Cookie\\Middleware\\EncryptCookies.php(66): Illuminate\\Pipeline\\Pipeline->Illuminate\\Pipeline\\{closure}(Object(Illuminate\\Http\\Request))
#39 E:\\progras\\webDev\\wamp64\\www\\wop\\projects\\prj0006lv-LaravelNotificationExample1\\vendor\\laravel\\framework\\src\\Illuminate\\Pipeline\\Pipeline.php(171): Illuminate\\Cookie\\Middleware\\EncryptCookies->handle(Object(Illuminate\\Http\\Request), Object(Closure))
#40 E:\\progras\\webDev\\wamp64\\www\\wop\\projects\\prj0006lv-LaravelNotificationExample1\\vendor\\laravel\\framework\\src\\Illuminate\\Pipeline\\Pipeline.php(105): Illuminate\\Pipeline\\Pipeline->Illuminate\\Pipeline\\{closure}(Object(Illuminate\\Http\\Request))
#41 E:\\progras\\webDev\\wamp64\\www\\wop\\projects\\prj0006lv-LaravelNotificationExample1\\vendor\\laravel\\framework\\src\\Illuminate\\Routing\\Router.php(683): Illuminate\\Pipeline\\Pipeline->then(Object(Closure))
#42 E:\\progras\\webDev\\wamp64\\www\\wop\\projects\\prj0006lv-LaravelNotificationExample1\\vendor\\laravel\\framework\\src\\Illuminate\\Routing\\Router.php(658): Illuminate\\Routing\\Router->runRouteWithinStack(Object(Illuminate\\Routing\\Route), Object(Illuminate\\Http\\Request))
#43 E:\\progras\\webDev\\wamp64\\www\\wop\\projects\\prj0006lv-LaravelNotificationExample1\\vendor\\laravel\\framework\\src\\Illuminate\\Routing\\Router.php(624): Illuminate\\Routing\\Router->runRoute(Object(Illuminate\\Http\\Request), Object(Illuminate\\Routing\\Route))
#44 E:\\progras\\webDev\\wamp64\\www\\wop\\projects\\prj0006lv-LaravelNotificationExample1\\vendor\\laravel\\framework\\src\\Illuminate\\Routing\\Router.php(613): Illuminate\\Routing\\Router->dispatchToRoute(Object(Illuminate\\Http\\Request))
#45 E:\\progras\\webDev\\wamp64\\www\\wop\\projects\\prj0006lv-LaravelNotificationExample1\\vendor\\laravel\\framework\\src\\Illuminate\\Foundation\\Http\\Kernel.php(170): Illuminate\\Routing\\Router->dispatch(Object(Illuminate\\Http\\Request))
#46 E:\\progras\\webDev\\wamp64\\www\\wop\\projects\\prj0006lv-LaravelNotificationExample1\\vendor\\laravel\\framework\\src\\Illuminate\\Pipeline\\Pipeline.php(130): Illuminate\\Foundation\\Http\\Kernel->Illuminate\\Foundation\\Http\\{closure}(Object(Illuminate\\Http\\Request))
#47 E:\\progras\\webDev\\wamp64\\www\\wop\\projects\\prj0006lv-LaravelNotificationExample1\\vendor\\laravel\\framework\\src\\Illuminate\\Foundation\\Http\\Middleware\\TransformsRequest.php(21): Illuminate\\Pipeline\\Pipeline->Illuminate\\Pipeline\\{closure}(Object(Illuminate\\Http\\Request))
#48 E:\\progras\\webDev\\wamp64\\www\\wop\\projects\\prj0006lv-LaravelNotificationExample1\\vendor\\laravel\\framework\\src\\Illuminate\\Pipeline\\Pipeline.php(171): Illuminate\\Foundation\\Http\\Middleware\\TransformsRequest->handle(Object(Illuminate\\Http\\Request), Object(Closure))
#49 E:\\progras\\webDev\\wamp64\\www\\wop\\projects\\prj0006lv-LaravelNotificationExample1\\vendor\\laravel\\framework\\src\\Illuminate\\Foundation\\Http\\Middleware\\TransformsRequest.php(21): Illuminate\\Pipeline\\Pipeline->Illuminate\\Pipeline\\{closure}(Object(Illuminate\\Http\\Request))
#50 E:\\progras\\webDev\\wamp64\\www\\wop\\projects\\prj0006lv-LaravelNotificationExample1\\vendor\\laravel\\framework\\src\\Illuminate\\Pipeline\\Pipeline.php(171): Illuminate\\Foundation\\Http\\Middleware\\TransformsRequest->handle(Object(Illuminate\\Http\\Request), Object(Closure))
#51 E:\\progras\\webDev\\wamp64\\www\\wop\\projects\\prj0006lv-LaravelNotificationExample1\\vendor\\laravel\\framework\\src\\Illuminate\\Foundation\\Http\\Middleware\\ValidatePostSize.php(27): Illuminate\\Pipeline\\Pipeline->Illuminate\\Pipeline\\{closure}(Object(Illuminate\\Http\\Request))
#52 E:\\progras\\webDev\\wamp64\\www\\wop\\projects\\prj0006lv-LaravelNotificationExample1\\vendor\\laravel\\framework\\src\\Illuminate\\Pipeline\\Pipeline.php(171): Illuminate\\Foundation\\Http\\Middleware\\ValidatePostSize->handle(Object(Illuminate\\Http\\Request), Object(Closure))
#53 E:\\progras\\webDev\\wamp64\\www\\wop\\projects\\prj0006lv-LaravelNotificationExample1\\vendor\\laravel\\framework\\src\\Illuminate\\Foundation\\Http\\Middleware\\CheckForMaintenanceMode.php(62): Illuminate\\Pipeline\\Pipeline->Illuminate\\Pipeline\\{closure}(Object(Illuminate\\Http\\Request))
#54 E:\\progras\\webDev\\wamp64\\www\\wop\\projects\\prj0006lv-LaravelNotificationExample1\\vendor\\laravel\\framework\\src\\Illuminate\\Pipeline\\Pipeline.php(171): Illuminate\\Foundation\\Http\\Middleware\\CheckForMaintenanceMode->handle(Object(Illuminate\\Http\\Request), Object(Closure))
#55 E:\\progras\\webDev\\wamp64\\www\\wop\\projects\\prj0006lv-LaravelNotificationExample1\\vendor\\fideloper\\proxy\\src\\TrustProxies.php(57): Illuminate\\Pipeline\\Pipeline->Illuminate\\Pipeline\\{closure}(Object(Illuminate\\Http\\Request))
#56 E:\\progras\\webDev\\wamp64\\www\\wop\\projects\\prj0006lv-LaravelNotificationExample1\\vendor\\laravel\\framework\\src\\Illuminate\\Pipeline\\Pipeline.php(171): Fideloper\\Proxy\\TrustProxies->handle(Object(Illuminate\\Http\\Request), Object(Closure))
#57 E:\\progras\\webDev\\wamp64\\www\\wop\\projects\\prj0006lv-LaravelNotificationExample1\\vendor\\laravel\\framework\\src\\Illuminate\\Pipeline\\Pipeline.php(105): Illuminate\\Pipeline\\Pipeline->Illuminate\\Pipeline\\{closure}(Object(Illuminate\\Http\\Request))
#58 E:\\progras\\webDev\\wamp64\\www\\wop\\projects\\prj0006lv-LaravelNotificationExample1\\vendor\\laravel\\framework\\src\\Illuminate\\Foundation\\Http\\Kernel.php(145): Illuminate\\Pipeline\\Pipeline->then(Object(Closure))
#59 E:\\progras\\webDev\\wamp64\\www\\wop\\projects\\prj0006lv-LaravelNotificationExample1\\vendor\\laravel\\framework\\src\\Illuminate\\Foundation\\Http\\Kernel.php(110): Illuminate\\Foundation\\Http\\Kernel->sendRequestThroughRouter(Object(Illuminate\\Http\\Request))
#60 E:\\progras\\webDev\\wamp64\\www\\wop\\projects\\prj0006lv-LaravelNotificationExample1\\public\\index.php(55): Illuminate\\Foundation\\Http\\Kernel->handle(Object(Illuminate\\Http\\Request))
#61 E:\\progras\\webDev\\wamp64\\www\\wop\\projects\\prj0006lv-LaravelNotificationExample1\\server.php(21): require_once('E:\\\\progras\\\\webD...')
#62 {main}
"} 
